[debug] [2020-11-06T09:03:58.562Z] ----------------------------------------------------------------------
[debug] [2020-11-06T09:03:58.565Z] Command:       C:\Program Files\nodejs\node.exe C:\Users\Tushar\AppData\Roaming\npm\node_modules\firebase-tools\lib\bin\firebase.js init
[debug] [2020-11-06T09:03:58.565Z] CLI Version:   7.6.2
[debug] [2020-11-06T09:03:58.565Z] Platform:      win32
[debug] [2020-11-06T09:03:58.565Z] Node Version:  v12.13.0
[debug] [2020-11-06T09:03:58.566Z] Time:          Fri Nov 06 2020 14:33:58 GMT+0530 (India Standard Time)
[debug] [2020-11-06T09:03:58.566Z] ----------------------------------------------------------------------
[debug] [2020-11-06T09:03:58.566Z] 
[debug] [2020-11-06T09:03:58.571Z] > command requires scopes: ["email","openid","https://www.googleapis.com/auth/cloudplatformprojects.readonly","https://www.googleapis.com/auth/firebase","https://www.googleapis.com/auth/cloud-platform"]
[debug] [2020-11-06T09:03:58.572Z] > authorizing via signed-in user
[info] 
     ######## #### ########  ######## ########     ###     ######  ########
     ##        ##  ##     ## ##       ##     ##  ##   ##  ##       ##
     ######    ##  ########  ######   ########  #########  ######  ######
     ##        ##  ##    ##  ##       ##     ## ##     ##       ## ##
     ##       #### ##     ## ######## ########  ##     ##  ######  ########

You're about to initialize a Firebase project in this directory:

  G:\Work\HackNagpur\website

[info] 
=== Project Setup
[info] 
[info] First, let's associate this project directory with a Firebase project.
[info] You can create multiple project aliases by running firebase use --add, 
[info] but for now we'll just set up a default project.
[info] 
[debug] [2020-11-06T09:04:07.686Z] > refreshing access token with scopes: ["email","https://www.googleapis.com/auth/cloud-platform","https://www.googleapis.com/auth/cloudplatformprojects.readonly","https://www.googleapis.com/auth/firebase","openid"]
[debug] [2020-11-06T09:04:07.686Z] >>> HTTP REQUEST POST https://www.googleapis.com/oauth2/v3/token  
 <request body omitted>
[debug] [2020-11-06T09:04:07.945Z] <<< HTTP RESPONSE 200
[debug] [2020-11-06T09:04:08.386Z] >>> HTTP REQUEST GET https://firebase.googleapis.com/v1beta1/projects?pageSize=100  
 
[debug] [2020-11-06T09:04:08.989Z] <<< HTTP RESPONSE 200
[debug] [2020-11-06T09:11:32.069Z] ----------------------------------------------------------------------
[debug] [2020-11-06T09:11:32.071Z] Command:       C:\Program Files\nodejs\node.exe C:\Users\Tushar\AppData\Roaming\npm\node_modules\firebase-tools\lib\bin\firebase.js init hosting
[debug] [2020-11-06T09:11:32.071Z] CLI Version:   7.6.2
[debug] [2020-11-06T09:11:32.071Z] Platform:      win32
[debug] [2020-11-06T09:11:32.072Z] Node Version:  v12.13.0
[debug] [2020-11-06T09:11:32.073Z] Time:          Fri Nov 06 2020 14:41:32 GMT+0530 (India Standard Time)
[debug] [2020-11-06T09:11:32.073Z] ----------------------------------------------------------------------
[debug] [2020-11-06T09:11:32.073Z] 
[debug] [2020-11-06T09:11:32.078Z] > command requires scopes: ["email","openid","https://www.googleapis.com/auth/cloudplatformprojects.readonly","https://www.googleapis.com/auth/firebase","https://www.googleapis.com/auth/cloud-platform"]
[debug] [2020-11-06T09:11:32.078Z] > authorizing via signed-in user
[info] 
     ######## #### ########  ######## ########     ###     ######  ########
     ##        ##  ##     ## ##       ##     ##  ##   ##  ##       ##
     ######    ##  ########  ######   ########  #########  ######  ######
     ##        ##  ##    ##  ##       ##     ## ##     ##       ## ##
     ##       #### ##     ## ######## ########  ##     ##  ######  ########

You're about to initialize a Firebase project in this directory:

  G:\Work\HackNagpur\website

[info] 
=== Project Setup
[info] 
[info] First, let's associate this project directory with a Firebase project.
[info] You can create multiple project aliases by running firebase use --add, 
[info] but for now we'll just set up a default project.
[info] 
[debug] [2020-11-06T09:11:35.855Z] >>> HTTP REQUEST GET https://firebase.googleapis.com/v1beta1/projects?pageSize=100  
 
[debug] [2020-11-06T09:11:36.842Z] <<< HTTP RESPONSE 200
[debug] [2020-11-06T10:47:04.825Z] ----------------------------------------------------------------------
[debug] [2020-11-06T10:47:04.827Z] Command:       C:\Program Files\nodejs\node.exe C:\Users\Tushar\AppData\Roaming\npm\node_modules\firebase-tools\lib\bin\firebase.js init
[debug] [2020-11-06T10:47:04.827Z] CLI Version:   7.6.2
[debug] [2020-11-06T10:47:04.827Z] Platform:      win32
[debug] [2020-11-06T10:47:04.827Z] Node Version:  v12.13.0
[debug] [2020-11-06T10:47:04.828Z] Time:          Fri Nov 06 2020 16:17:04 GMT+0530 (India Standard Time)
[debug] [2020-11-06T10:47:04.828Z] ----------------------------------------------------------------------
[debug] [2020-11-06T10:47:04.828Z] 
[debug] [2020-11-06T10:47:04.913Z] > command requires scopes: ["email","openid","https://www.googleapis.com/auth/cloudplatformprojects.readonly","https://www.googleapis.com/auth/firebase","https://www.googleapis.com/auth/cloud-platform"]
[debug] [2020-11-06T10:47:04.914Z] > authorizing via signed-in user
[info] 
     ######## #### ########  ######## ########     ###     ######  ########
     ##        ##  ##     ## ##       ##     ##  ##   ##  ##       ##
     ######    ##  ########  ######   ########  #########  ######  ######
     ##        ##  ##    ##  ##       ##     ## ##     ##       ## ##
     ##       #### ##     ## ######## ########  ##     ##  ######  ########

You're about to initialize a Firebase project in this directory:

  G:\Work\HackNagpur\website

[info] 
=== Project Setup
[info] 
[info] First, let's associate this project directory with a Firebase project.
[info] You can create multiple project aliases by running firebase use --add, 
[info] but for now we'll just set up a default project.
[info] 
[debug] [2020-11-06T10:48:38.335Z] > refreshing access token with scopes: ["email","https://www.googleapis.com/auth/cloud-platform","https://www.googleapis.com/auth/cloudplatformprojects.readonly","https://www.googleapis.com/auth/firebase","openid"]
[debug] [2020-11-06T10:48:38.336Z] >>> HTTP REQUEST POST https://www.googleapis.com/oauth2/v3/token  
 <request body omitted>
[debug] [2020-11-06T10:48:38.592Z] <<< HTTP RESPONSE 200
[debug] [2020-11-06T10:48:38.628Z] >>> HTTP REQUEST GET https://firebase.googleapis.com/v1beta1/projects?pageSize=100  
 
[debug] [2020-11-06T10:48:39.425Z] <<< HTTP RESPONSE 200
